============================== Mace4 =================================
Mace4 (64) version 2009-11A, November 2009.
Process 5043 was started by chinweoparaji on dhcp-wifi-8021x-155-41-95-90.bu.edu,
Fri Apr  2 11:17:48 2021
The command was "bin/mace4 -c -f AK_group_abelian.in".
============================== end of head ===========================

============================== INPUT =================================

% Reading from file AK_group_abelian.in


formulas(assumptions).
M(x,e) = x & M(e,x) = x.
(exists y (M(y,x) = e & M(x,y) = e)).
M(z,M(y,x)) = M(M(z,y),x).
end_of_list.

formulas(goals).
M(x,y) = M(y,x).
end_of_list.

============================== end of input ==========================

============================== PROCESS NON-CLAUSAL FORMULAS ==========

% Formulas that are not ordinary clauses:
1 M(x,e) = x & M(e,x) = x # label(non_clause).  [assumption].
2 (exists y (M(y,x) = e & M(x,y) = e)) # label(non_clause).  [assumption].
3 M(x,y) = M(y,x) # label(non_clause) # label(goal).  [goal].

============================== end of process non-clausal formulas ===

============================== CLAUSES FOR SEARCH ====================

formulas(mace4_clauses).
M(x,e) = x.
M(e,x) = x.
M(f1(x),x) = e.
M(x,f1(x)) = e.
M(x,M(y,z)) = M(M(x,y),z).
M(c2,c1) != M(c1,c2).
end_of_list.

============================== end of clauses for search =============

% There are no natural numbers in the input.

============================== DOMAIN SIZE 2 =========================

============================== STATISTICS ============================

For domain size 2.

Current CPU time: 0.00 seconds (total CPU time: 0.01 seconds).
Ground clauses: seen=17, kept=17.
Selections=4, assignments=7, propagations=6, current_models=0.
Rewrite_terms=72, rewrite_bools=20, indexes=6.
Rules_from_neg_clauses=2, cross_offs=2.

============================== end of statistics =====================

============================== DOMAIN SIZE 3 =========================

============================== STATISTICS ============================

For domain size 3.

Current CPU time: 0.00 seconds (total CPU time: 0.01 seconds).
Ground clauses: seen=40, kept=40.
Selections=5, assignments=11, propagations=15, current_models=0.
Rewrite_terms=217, rewrite_bools=61, indexes=29.
Rules_from_neg_clauses=5, cross_offs=12.

============================== end of statistics =====================

============================== DOMAIN SIZE 4 =========================

============================== STATISTICS ============================

For domain size 4.

Current CPU time: 0.00 seconds (total CPU time: 0.01 seconds).
Ground clauses: seen=81, kept=81.
Selections=7, assignments=19, propagations=32, current_models=0.
Rewrite_terms=433, rewrite_bools=110, indexes=58.
Rules_from_neg_clauses=12, cross_offs=44.

============================== end of statistics =====================

============================== DOMAIN SIZE 5 =========================

============================== STATISTICS ============================

For domain size 5.

Current CPU time: 0.00 seconds (total CPU time: 0.01 seconds).
Ground clauses: seen=146, kept=146.
Selections=13, assignments=47, propagations=94, current_models=0.
Rewrite_terms=1367, rewrite_bools=312, indexes=230.
Rules_from_neg_clauses=32, cross_offs=139.

============================== end of statistics =====================

============================== DOMAIN SIZE 6 =========================

============================== MODEL =================================

interpretation( 6, [number=1, seconds=0], [

        function(e, [ 0 ]),

        function(c1, [ 1 ]),

        function(c2, [ 2 ]),

        function(f1(_), [ 0, 1, 2, 4, 3, 5 ]),

        function(M(_,_), [
			   0, 1, 2, 3, 4, 5,
			   1, 0, 3, 2, 5, 4,
			   2, 4, 0, 5, 1, 3,
			   3, 5, 1, 4, 0, 2,
			   4, 2, 5, 0, 3, 1,
			   5, 3, 4, 1, 2, 0 ])
]).

============================== end of model ==========================

============================== STATISTICS ============================

For domain size 6.

Current CPU time: 0.00 seconds (total CPU time: 0.01 seconds).
Ground clauses: seen=241, kept=241.
Selections=8, assignments=22, propagations=41, current_models=1.
Rewrite_terms=1055, rewrite_bools=267, indexes=193.
Rules_from_neg_clauses=8, cross_offs=83.

============================== end of statistics =====================

User_CPU=0.01, System_CPU=0.01, Wall_clock=0.

Exiting with 1 model.

Process 5043 exit (max_models) Fri Apr  2 11:17:48 2021
The process finished Fri Apr  2 11:17:48 2021
